<?xml version="1.0" encoding="UTF-8"?>
<!-- Generated by org.testng.reporters.JUnitReportReporter -->
<testsuite hostname="DESKTOP-IJ34159" failures="0" tests="1" name="localHost.SoapXMLRequest" time="3.023" errors="0" timestamp="2022-02-07T19:38:48 IST" skipped="0">
  <testcase classname="localHost.SoapXMLRequest" name="SoapXml" time="3.023"/>
  <system-out/>
</testsuite> <!-- localHost.SoapXMLRequest -->
