<?xml version="1.0" encoding="UTF-8"?>
<!-- Generated by org.testng.reporters.JUnitReportReporter -->
<testsuite hostname="DESKTOP-IJ34159" failures="0" tests="1" name="localHost.testOne" time="1.308" errors="0" timestamp="2022-02-07T14:23:15 IST" skipped="0">
  <testcase classname="localHost.testOne" name="delete" time="1.308"/>
  <system-out/>
</testsuite> <!-- localHost.testOne -->
