<?xml version="1.0" encoding="UTF-8"?>
<!-- Generated by org.testng.reporters.JUnitReportReporter -->
<testsuite hostname="DESKTOP-IJ34159" failures="0" tests="1" name="localHost.JSONSchemaValidator" time="2.978" errors="0" timestamp="2022-02-07T16:24:02 IST" skipped="0">
  <testcase classname="localHost.JSONSchemaValidator" name="SchamaValidation" time="2.978"/>
  <system-out/>
</testsuite> <!-- localHost.JSONSchemaValidator -->
