<?xml version="1.0" encoding="UTF-8"?>
<!-- Generated by org.testng.reporters.JUnitReportReporter -->
<testsuite hostname="DESKTOP-IJ34159" failures="0" tests="1" name="localHost.XMLSchemaValidation" time="3.432" errors="0" timestamp="2022-02-07T20:01:39 IST" skipped="0">
  <testcase classname="localHost.XMLSchemaValidation" name="XMLSchema" time="3.432"/>
  <system-out/>
</testsuite> <!-- localHost.XMLSchemaValidation -->
